19-Nov-2024 10:52:11.684 WARNING [main] org.apache.catalina.core.StandardServer.await Invalid shutdown command [GET / HTTP/1.1] received
19-Nov-2024 10:52:11.700 WARNING [main] org.apache.catalina.core.StandardServer.await Invalid shutdown command [GET /apple-touch-icon-precomposed.png HTTP/1.1] received
19-Nov-2024 10:52:11.701 WARNING [main] org.apache.catalina.core.StandardServer.await Invalid shutdown command [GET /apple-touch-icon-precomposed.png HTTP/1.1] received
19-Nov-2024 10:52:11.701 WARNING [main] org.apache.catalina.core.StandardServer.await Invalid shutdown command [GET /apple-touch-icon-precomposed.png HTTP/1.1] received
19-Nov-2024 10:52:11.701 WARNING [main] org.apache.catalina.core.StandardServer.await Invalid shutdown command [GET /apple-touch-icon-precomposed.png HTTP/1.1] received
19-Nov-2024 10:52:11.769 WARNING [main] org.apache.catalina.core.StandardServer.await Invalid shutdown command [GET /apple-touch-icon.png HTTP/1.1] received
19-Nov-2024 10:52:21.780 WARNING [main] org.apache.catalina.core.StandardServer.await An IO exception occurred trying to read the shutdown command
	java.net.SocketTimeoutException: Read timed out
		at java.net.SocketInputStream.socketRead0(Native Method)
		at java.net.SocketInputStream.socketRead(SocketInputStream.java:116)
		at java.net.SocketInputStream.read(SocketInputStream.java:171)
		at java.net.SocketInputStream.read(SocketInputStream.java:141)
		at java.net.SocketInputStream.read(SocketInputStream.java:224)
		at org.apache.catalina.core.StandardServer.await(StandardServer.java:597)
		at org.apache.catalina.startup.Catalina.await(Catalina.java:825)
		at org.apache.catalina.startup.Catalina.start(Catalina.java:773)
		at sun.reflect.NativeMethodAccessorImpl.invoke0(Native Method)
		at sun.reflect.NativeMethodAccessorImpl.invoke(NativeMethodAccessorImpl.java:62)
		at sun.reflect.DelegatingMethodAccessorImpl.invoke(DelegatingMethodAccessorImpl.java:43)
		at java.lang.reflect.Method.invoke(Method.java:498)
		at org.apache.catalina.startup.Bootstrap.start(Bootstrap.java:345)
		at org.apache.catalina.startup.Bootstrap.main(Bootstrap.java:473)
19-Nov-2024 10:52:21.791 WARNING [main] org.apache.catalina.core.StandardServer.await Invalid shutdown command [] received
19-Nov-2024 10:52:21.792 WARNING [main] org.apache.catalina.core.StandardServer.await Invalid shutdown command [GET / HTTP/1.1] received
19-Nov-2024 10:52:21.793 WARNING [main] org.apache.catalina.core.StandardServer.await Invalid shutdown command [GET /favicon.ico HTTP/1.1] received
19-Nov-2024 10:52:21.795 WARNING [main] org.apache.catalina.core.StandardServer.await Invalid shutdown command [GET / HTTP/1.1] received
19-Nov-2024 10:52:21.796 WARNING [main] org.apache.catalina.core.StandardServer.await Invalid shutdown command [GET /favicon.ico HTTP/1.1] received
