13-Nov-2024 10:58:50.862 WARNING [main] org.apache.catalina.core.StandardServer.await Invalid shutdown command [GET / HTTP/1.1] received
13-Nov-2024 10:58:50.872 WARNING [main] org.apache.catalina.core.StandardServer.await Invalid shutdown command [GET /apple-touch-icon-precomposed.png HTTP/1.1] received
13-Nov-2024 10:58:50.873 WARNING [main] org.apache.catalina.core.StandardServer.await Invalid shutdown command [GET /apple-touch-icon-precomposed.png HTTP/1.1] received
13-Nov-2024 10:58:50.873 WARNING [main] org.apache.catalina.core.StandardServer.await Invalid shutdown command [GET /apple-touch-icon-precomposed.png HTTP/1.1] received
13-Nov-2024 10:58:50.874 WARNING [main] org.apache.catalina.core.StandardServer.await Invalid shutdown command [GET /apple-touch-icon-precomposed.png HTTP/1.1] received
13-Nov-2024 10:58:50.897 WARNING [main] org.apache.catalina.core.StandardServer.await Invalid shutdown command [GET / HTTP/1.1] received
13-Nov-2024 10:58:50.952 WARNING [main] org.apache.catalina.core.StandardServer.await Invalid shutdown command [GET / HTTP/1.1] received
13-Nov-2024 10:58:50.967 WARNING [main] org.apache.catalina.core.StandardServer.await Invalid shutdown command [GET /apple-touch-icon.png HTTP/1.1] received
13-Nov-2024 10:59:00.976 WARNING [main] org.apache.catalina.core.StandardServer.await An IO exception occurred trying to read the shutdown command
	java.net.SocketTimeoutException: Read timed out
		at java.net.SocketInputStream.socketRead0(Native Method)
		at java.net.SocketInputStream.socketRead(SocketInputStream.java:116)
		at java.net.SocketInputStream.read(SocketInputStream.java:171)
		at java.net.SocketInputStream.read(SocketInputStream.java:141)
		at java.net.SocketInputStream.read(SocketInputStream.java:224)
		at org.apache.catalina.core.StandardServer.await(StandardServer.java:597)
		at org.apache.catalina.startup.Catalina.await(Catalina.java:825)
		at org.apache.catalina.startup.Catalina.start(Catalina.java:773)
		at sun.reflect.NativeMethodAccessorImpl.invoke0(Native Method)
		at sun.reflect.NativeMethodAccessorImpl.invoke(NativeMethodAccessorImpl.java:62)
		at sun.reflect.DelegatingMethodAccessorImpl.invoke(DelegatingMethodAccessorImpl.java:43)
		at java.lang.reflect.Method.invoke(Method.java:498)
		at org.apache.catalina.startup.Bootstrap.start(Bootstrap.java:345)
		at org.apache.catalina.startup.Bootstrap.main(Bootstrap.java:473)
13-Nov-2024 10:59:00.982 WARNING [main] org.apache.catalina.core.StandardServer.await Invalid shutdown command [] received
13-Nov-2024 10:59:00.982 WARNING [main] org.apache.catalina.core.StandardServer.await Invalid shutdown command [GET /apple-touch-icon.png HTTP/1.1] received
13-Nov-2024 10:59:00.983 WARNING [main] org.apache.catalina.core.StandardServer.await Invalid shutdown command [GET /favicon.ico HTTP/1.1] received
13-Nov-2024 10:59:00.983 WARNING [main] org.apache.catalina.core.StandardServer.await Invalid shutdown command [GET /apple-touch-icon.png HTTP/1.1] received
13-Nov-2024 10:59:00.983 WARNING [main] org.apache.catalina.core.StandardServer.await Invalid shutdown command [GET /favicon.ico HTTP/1.1] received
13-Nov-2024 10:59:00.984 WARNING [main] org.apache.catalina.core.StandardServer.await Invalid shutdown command [GET /apple-touch-icon.png HTTP/1.1] received
13-Nov-2024 10:59:04.116 WARNING [main] org.apache.catalina.core.StandardServer.await Invalid shutdown command [GET / HTTP/1.1] received
